<testsuites id="" name="" tests="1" failures="1" skipped="0" errors="0" time="35.317843">
<testsuite name="url-import-working.spec.ts" timestamp="2025-08-26T16:02:55.917Z" hostname="chromium" tests="1" failures="1" skipped="0" time="30.656" errors="0">
<testcase name="URL Import - Working Test › should successfully import BYJU&apos;s ICSE Math curriculum" classname="url-import-working.spec.ts" time="30.656">
<failure message="url-import-working.spec.ts:5:3 should successfully import BYJU&apos;s ICSE Math curriculum" type="FAILURE">
<![CDATA[  [chromium] › url-import-working.spec.ts:5:3 › URL Import - Working Test › should successfully import BYJU's ICSE Math curriculum 

    Test timeout of 30000ms exceeded.

    Error: locator.click: Test timeout of 30000ms exceeded.
    Call log:
      - waiting for locator('a[href="/subjects"]').first()
        - locator resolved to <a href="/subjects" data-discover="true" class="group flex items-center gap-1.5 px-3 py-2 text-sm font-semibold rounded-xl transition-all duration-300 bg-white/70 hover:bg-white/90 text-gray-700 hover:shadow-md">…</a>
      - attempting click action
        2 × waiting for element to be visible, enabled and stable
          - element is visible, enabled and stable
          - scrolling into view if needed
          - done scrolling
          - <div class="bg-gradient-to-r from-primary-500 to-secondary-500 px-6 py-4 text-white">…</div> from <div class="fixed inset-0 bg-black/60 backdrop-blur-sm flex items-center justify-center z-50 p-4">…</div> subtree intercepts pointer events
        - retrying click action
        - waiting 20ms
        - waiting for element to be visible, enabled and stable
        - element is visible, enabled and stable
        - scrolling into view if needed
        - done scrolling
        - <div class="bg-gradient-to-r from-primary-500 to-secondary-500 px-6 py-4 text-white">…</div> from <div class="fixed inset-0 bg-black/60 backdrop-blur-sm flex items-center justify-center z-50 p-4">…</div> subtree intercepts pointer events
      2 × retrying click action
          - waiting 100ms
          - waiting for element to be visible, enabled and stable
          - element is visible, enabled and stable
          - scrolling into view if needed
          - done scrolling
          - <div class="fixed inset-0 bg-black/60 backdrop-blur-sm flex items-center justify-center z-50 p-4">…</div> intercepts pointer events
      12 × retrying click action
           - waiting 500ms
           - waiting for element to be visible, enabled and stable
           - element is visible, enabled and stable
           - scrolling into view if needed
           - done scrolling
           - <div class="bg-gradient-to-r from-primary-500 to-secondary-500 px-6 py-4 text-white">…</div> from <div class="fixed inset-0 bg-black/60 backdrop-blur-sm flex items-center justify-center z-50 p-4">…</div> subtree intercepts pointer events
         - retrying click action
           - waiting 500ms
           - waiting for element to be visible, enabled and stable
           - element is visible, enabled and stable
           - scrolling into view if needed
           - done scrolling
           - <div class="bg-gradient-to-r from-primary-500 to-secondary-500 px-6 py-4 text-white">…</div> from <div class="fixed inset-0 bg-black/60 backdrop-blur-sm flex items-center justify-center z-50 p-4">…</div> subtree intercepts pointer events
         - retrying click action
           - waiting 500ms
           - waiting for element to be visible, enabled and stable
           - element is visible, enabled and stable
           - scrolling into view if needed
           - done scrolling
           - <div class="fixed inset-0 bg-black/60 backdrop-blur-sm flex items-center justify-center z-50 p-4">…</div> intercepts pointer events
         - retrying click action
           - waiting 500ms
           - waiting for element to be visible, enabled and stable
           - element is visible, enabled and stable
           - scrolling into view if needed
           - done scrolling
           - <div class="fixed inset-0 bg-black/60 backdrop-blur-sm flex items-center justify-center z-50 p-4">…</div> intercepts pointer events
      2 × retrying click action
          - waiting 500ms
          - waiting for element to be visible, enabled and stable
          - element is visible, enabled and stable
          - scrolling into view if needed
          - done scrolling
          - <div class="bg-gradient-to-r from-primary-500 to-secondary-500 px-6 py-4 text-white">…</div> from <div class="fixed inset-0 bg-black/60 backdrop-blur-sm flex items-center justify-center z-50 p-4">…</div> subtree intercepts pointer events
      - retrying click action
        - waiting 500ms


      24 |     const navSubjectsLink = page.locator('a[href="/subjects"]').first();
      25 |     await expect(navSubjectsLink).toBeVisible();
    > 26 |     await navSubjectsLink.click();
         |                           ^
      27 |     await page.waitForTimeout(1000);
      28 |     
      29 |     // Step 4: Clear existing chapters if any
        at /Users/nitinsareen/Documents/GitHub/nitin-sareen/Chiky/study_planner/study-planner-app/tests/e2e/url-import-working.spec.ts:26:27

    attachment #1: screenshot (image/png) ──────────────────────────────────────────────────────────
    ../../test-results/url-import-working-URL-Imp-5fef2-BYJU-s-ICSE-Math-curriculum-chromium/test-failed-1.png
    ────────────────────────────────────────────────────────────────────────────────────────────────

    attachment #2: video (video/webm) ──────────────────────────────────────────────────────────────
    ../../test-results/url-import-working-URL-Imp-5fef2-BYJU-s-ICSE-Math-curriculum-chromium/video.webm
    ────────────────────────────────────────────────────────────────────────────────────────────────

    Error Context: ../../test-results/url-import-working-URL-Imp-5fef2-BYJU-s-ICSE-Math-curriculum-chromium/error-context.md
]]>
</failure>
<system-out>
<![CDATA[Browser: [vite] connecting...
Browser: [vite] connected.
Browser: %cDownload the React DevTools for a better development experience: https://react.dev/link/react-devtools font-weight:bold

[[ATTACHMENT|url-import-working-URL-Imp-5fef2-BYJU-s-ICSE-Math-curriculum-chromium/test-failed-1.png]]

[[ATTACHMENT|url-import-working-URL-Imp-5fef2-BYJU-s-ICSE-Math-curriculum-chromium/video.webm]]

[[ATTACHMENT|url-import-working-URL-Imp-5fef2-BYJU-s-ICSE-Math-curriculum-chromium/error-context.md]]
]]>
</system-out>
</testcase>
</testsuite>
</testsuites>